D:\Perso\Angular2MVC_Angular4\Angular2MVC\app\app.component.js
D:\Perso\Angular2MVC_Angular4\Angular2MVC\app\app.component.js.map
D:\Perso\Angular2MVC_Angular4\Angular2MVC\app\Service\user.service.js
D:\Perso\Angular2MVC_Angular4\Angular2MVC\app\Service\user.service.js.map
D:\Perso\Angular2MVC_Angular4\Angular2MVC\app\Model\user.js
D:\Perso\Angular2MVC_Angular4\Angular2MVC\app\Model\user.js.map
D:\Perso\Angular2MVC_Angular4\Angular2MVC\app\Shared\enum.js
D:\Perso\Angular2MVC_Angular4\Angular2MVC\app\Shared\enum.js.map
D:\Perso\Angular2MVC_Angular4\Angular2MVC\app\Shared\global.js
D:\Perso\Angular2MVC_Angular4\Angular2MVC\app\Shared\global.js.map
D:\Perso\Angular2MVC_Angular4\Angular2MVC\app\components\user.component.js
D:\Perso\Angular2MVC_Angular4\Angular2MVC\app\components\user.component.js.map
D:\Perso\Angular2MVC_Angular4\Angular2MVC\app\components\home.component.js
D:\Perso\Angular2MVC_Angular4\Angular2MVC\app\components\home.component.js.map
D:\Perso\Angular2MVC_Angular4\Angular2MVC\app\app.routing.js
D:\Perso\Angular2MVC_Angular4\Angular2MVC\app\app.routing.js.map
D:\Perso\Angular2MVC_Angular4\Angular2MVC\app\app.module.js
D:\Perso\Angular2MVC_Angular4\Angular2MVC\app\app.module.js.map
D:\Perso\Angular2MVC_Angular4\Angular2MVC\app\main.js
D:\Perso\Angular2MVC_Angular4\Angular2MVC\app\main.js.map
